[2019-12-13 01:55:06.938 +00:00] [ERR] "TvdbEpisodeImageProvider" failed in GetImageInfos for type "Episode"
System.InvalidOperationException: Nullable object must have a value.
   at MediaBrowser.Providers.TV.TheTVDB.TvdbEpisodeImageProvider.GetImages(BaseItem item, CancellationToken cancellationToken)
   at MediaBrowser.Providers.Manager.ProviderManager.GetImages(BaseItem item, CancellationToken cancellationToken, IRemoteImageProvider provider, List`1 preferredLanguages, Nullable`1 type)
[2019-12-13 02:04:34.499 +00:00] [INF] "DailyTrigger" fired for task: "Chapter image extraction"
[2019-12-13 02:04:34.499 +00:00] [INF] Queueing task "ChapterImagesTask"
[2019-12-13 02:04:34.499 +00:00] [INF] Executing "Chapter image extraction"
[2019-12-13 02:04:34.711 +00:00] [INF] "Chapter image extraction" Completed after 0 minute(s) and 0 seconds
[2019-12-13 02:04:34.711 +00:00] [INF] ExecuteQueuedTasks
[2019-12-13 02:04:35.503 +00:00] [INF] Daily trigger for "Chapter image extraction" set to fire at 12/14/2019 02:00, which is 23:55:24.4965753 from now.
[2019-12-13 02:05:00.603 +00:00] [WRN] HTTP Response 200 to "172.18.0.1". Time (slow): 0:00:00.5989749. "http://192.168.1.200:8096/emby/users/7db8499d40e04626811639068e50bad1/items?Recursive=True&IncludeItemTypes=Movie&Fields=ProviderIds,Overview&startIndex=0&limit=200&IsVirtualItem=False"
[2019-12-13 09:01:40.254 +00:00] [INF] "IntervalTrigger" fired for task: "Scan media library"
[2019-12-13 09:01:40.254 +00:00] [INF] Queueing task "RefreshMediaLibraryTask"
[2019-12-13 15:54:45.628 +00:00] [INF] "IntervalTrigger" fired for task: "Check for plugin updates"
[2019-12-13 15:54:45.628 +00:00] [INF] Queueing task "PluginUpdateTask"
[2019-12-13 15:54:45.628 +00:00] [INF] Executing "Check for plugin updates"
[2019-12-13 15:54:46.773 +00:00] [INF] "Check for plugin updates" Completed after 0 minute(s) and 1 seconds
[2019-12-13 15:54:46.773 +00:00] [INF] ExecuteQueuedTasks
[2019-12-13 18:05:00.589 +00:00] [WRN] HTTP Response 200 to "172.18.0.1". Time (slow): 0:00:00.5876761. "http://192.168.1.200:8096/emby/users/7db8499d40e04626811639068e50bad1/items?Recursive=True&IncludeItemTypes=Movie&Fields=ProviderIds,Overview&startIndex=0&limit=200&IsVirtualItem=False"
[2019-12-13 21:03:44.758 +00:00] [INF] "IntervalTrigger" fired for task: "Scan media library"
[2019-12-13 21:03:44.758 +00:00] [INF] Queueing task "RefreshMediaLibraryTask"
[2019-12-13 23:01:26.729 +00:00] [INF] "IntervalTrigger" fired for task: "Refresh Channels"
[2019-12-13 23:01:26.729 +00:00] [INF] Queueing task "RefreshChannelsScheduledTask"
[2019-12-13 23:01:26.729 +00:00] [INF] Executing "Refresh Channels"
[2019-12-13 23:01:26.838 +00:00] [INF] "IntervalTrigger" fired for task: "Download missing subtitles"
[2019-12-13 23:01:26.838 +00:00] [INF] Queueing task "SubtitleScheduledTask"
[2019-12-13 23:01:26.838 +00:00] [INF] Executing "Download missing subtitles"
[2019-12-13 23:01:26.730 +00:00] [INF] "Refresh Channels" Completed after 0 minute(s) and 0 seconds
[2019-12-13 23:01:26.838 +00:00] [INF] "Download missing subtitles" Completed after 0 minute(s) and 0 seconds
[2019-12-13 23:01:26.842 +00:00] [INF] ExecuteQueuedTasks
[2019-12-13 23:01:26.863 +00:00] [INF] ExecuteQueuedTasks
[2019-12-13 23:01:27.693 +00:00] [INF] "IntervalTrigger" fired for task: "Log file cleanup"
[2019-12-13 23:01:27.693 +00:00] [INF] Queueing task "DeleteLogFileTask"
[2019-12-13 23:01:27.693 +00:00] [INF] Executing "Log file cleanup"
[2019-12-13 23:01:27.733 +00:00] [INF] "IntervalTrigger" fired for task: "Refresh Users"
[2019-12-13 23:01:27.733 +00:00] [INF] Queueing task "RefreshUsersMetadata"
[2019-12-13 23:01:27.733 +00:00] [INF] Executing "Refresh Users"
[2019-12-13 23:01:27.814 +00:00] [INF] "Log file cleanup" Completed after 0 minute(s) and 0 seconds
[2019-12-13 23:01:27.814 +00:00] [INF] "Refresh Users" Completed after 0 minute(s) and 0 seconds
[2019-12-13 23:01:27.815 +00:00] [INF] ExecuteQueuedTasks
[2019-12-13 23:01:27.815 +00:00] [INF] ExecuteQueuedTasks
[2019-12-13 23:01:31.837 +00:00] [INF] "IntervalTrigger" fired for task: "Cache file cleanup"
[2019-12-13 23:01:31.837 +00:00] [INF] Queueing task "DeleteCacheFileTask"
[2019-12-13 23:01:31.837 +00:00] [INF] Executing "Cache file cleanup"
[2019-12-13 23:01:31.863 +00:00] [INF] "Cache file cleanup" Completed after 0 minute(s) and 0 seconds
[2019-12-13 23:01:31.864 +00:00] [INF] ExecuteQueuedTasks
