05-Dec-2019 23:57:09 - INFO    :: MAIN : __init__.py:initialize:761 : Log (Rotating) Level set to [1]- Log Directory is [/config/log] - Config level is [1]
05-Dec-2019 23:57:09 - INFO    :: MAIN : __init__.py:initialize:767 : Screen Log set to INFO
05-Dec-2019 23:57:09 - INFO    :: MAIN : __init__.py:config_read:1135 : Config file loaded
05-Dec-2019 23:57:10 - INFO    :: MAIN : __init__.py:initialize:834 : Database is version 0, integrity check: ok
05-Dec-2019 23:57:10 - INFO    :: MAIN : common.py:logHeader:1221 : Checking TLS version, you can ignore any "InsecureRequestWarning" message
05-Dec-2019 23:57:10 - INFO    :: MAIN : __init__.py:build_genres:1679 : Loaded genres from /app/lazylibrarian/example.genres.json
05-Dec-2019 23:57:11 - INFO    :: MAIN : __init__.py:build_bookstrap_themes:1664 : Bookstrap found 16 themes
05-Dec-2019 23:57:12 - INFO    :: MAIN : versioncheck.py:logmsg:41 : Lazylibrarian is up to date
05-Dec-2019 23:57:12 - ERROR   :: MAIN : database.py:_action:92 : Database OperationalError: no such table: jobs
05-Dec-2019 23:57:12 - ERROR   :: MAIN : database.py:_action:93 : Failed query: [UPDATE jobs SET LastRun = ? WHERE Name = ?]
05-Dec-2019 23:57:12 - WARNING :: MAIN : LazyLibrarian.py:main:231 : Unrecognised version [0538eb32] to force upgrade delete /config/cache/version.txt
05-Dec-2019 23:57:12 - INFO    :: MAIN : LazyLibrarian.py:main:249 : Apprise library (0.8.2) installed
05-Dec-2019 23:57:12 - INFO    :: MAIN : LazyLibrarian.py:main:267 : Starting LazyLibrarian on port: 5299, webroot ""
05-Dec-2019 23:57:12 - INFO    :: MAIN : webStart.py:initialize:66 : Starting LazyLibrarian web server on http://0.0.0.0:5299/
05-Dec-2019 23:57:12 - ERROR   :: MAIN : database.py:_action:92 : Database OperationalError: no such table: jobs
05-Dec-2019 23:57:12 - ERROR   :: MAIN : database.py:_action:93 : Failed query: [SELECT LastRun from jobs WHERE Name=?]
05-Dec-2019 23:57:12 - ERROR   :: MAIN : database.py:_action:92 : Database OperationalError: no such table: Series
05-Dec-2019 23:57:12 - ERROR   :: MAIN : database.py:_action:93 : Failed query: [SELECT SeriesName,SeriesID,Updated from Series where Status="Active" or Status="Wanted" order by Updated ASC]
05-Dec-2019 23:57:12 - ERROR   :: MAIN : database.py:_action:92 : Database OperationalError: no such table: jobs
05-Dec-2019 23:57:12 - ERROR   :: MAIN : database.py:_action:93 : Failed query: [SELECT LastRun from jobs WHERE Name=?]
05-Dec-2019 23:57:12 - ERROR   :: MAIN : database.py:_action:92 : Database OperationalError: no such table: jobs
05-Dec-2019 23:57:12 - INFO    :: DB_UPGRADE : dbupgrade.py:dbupgrade:160 : Creating new database, version 56
05-Dec-2019 23:57:12 - ERROR   :: MAIN : database.py:_action:93 : Failed query: [SELECT LastRun from jobs WHERE Name=?]
05-Dec-2019 23:57:12 - ERROR   :: MAIN : database.py:_action:92 : Database OperationalError: no such table: authors
05-Dec-2019 23:57:12 - ERROR   :: MAIN : database.py:_action:93 : Failed query: [SELECT AuthorName,AuthorID,Updated from authors WHERE Status="Active" or Status="Loading" or Status="Wanted" order by Updated ASC]
05-Dec-2019 23:57:12 - ERROR   :: MAIN : database.py:_action:92 : Database OperationalError: no such table: jobs
05-Dec-2019 23:57:12 - ERROR   :: MAIN : database.py:_action:93 : Failed query: [SELECT LastRun from jobs WHERE Name=?]
05-Dec-2019 23:57:12 - ERROR   :: MAIN : database.py:_action:92 : Database OperationalError: no such table: jobs
05-Dec-2019 23:57:12 - ERROR   :: MAIN : database.py:_action:93 : Failed query: [SELECT LastRun from jobs WHERE Name=?]
05-Dec-2019 23:57:12 - INFO    :: DB_UPGRADE : dbupgrade.py:check_db:516 : Database check found 0 errors
05-Dec-2019 23:57:12 - INFO    :: DB_UPGRADE : dbupgrade.py:dbupgrade:282 : Database updated to version 56
05-Dec-2019 23:58:12 - INFO    :: POSTPROCESS : postprocess.py:processDir:1031 : 0 downloads processed.
05-Dec-2019 23:58:12 - INFO    :: POSTPROCESS : postprocess.py:processDir:1036 : Found 0 unprocessed
05-Dec-2019 23:58:12 - INFO    :: POSTPROCESS : postprocess.py:processDir:1139 : Nothing marked as snatched or seeding. Stopping postprocessor.
05-Dec-2019 23:58:13 - INFO    :: CRON-VERSIONCHECK : versioncheck.py:logmsg:41 : Lazylibrarian is up to date
06-Dec-2019 20:31:43 - INFO    :: MAIN : __init__.py:initialize:761 : Log (Rotating) Level set to [1]- Log Directory is [/config/log] - Config level is [1]
06-Dec-2019 20:31:43 - INFO    :: MAIN : __init__.py:initialize:767 : Screen Log set to INFO
06-Dec-2019 20:31:43 - INFO    :: MAIN : __init__.py:config_read:1135 : Config file loaded
06-Dec-2019 20:31:43 - INFO    :: MAIN : __init__.py:initialize:834 : Database is version 56, integrity check: ok
06-Dec-2019 20:31:43 - INFO    :: MAIN : dbupgrade.py:check_db:516 : Database check found 0 errors
06-Dec-2019 20:31:43 - INFO    :: MAIN : common.py:logHeader:1221 : Checking TLS version, you can ignore any "InsecureRequestWarning" message
06-Dec-2019 20:31:45 - INFO    :: MAIN : __init__.py:build_genres:1679 : Loaded genres from /app/lazylibrarian/example.genres.json
06-Dec-2019 20:31:45 - INFO    :: MAIN : __init__.py:build_bookstrap_themes:1664 : Bookstrap found 16 themes
06-Dec-2019 20:31:47 - INFO    :: MAIN : versioncheck.py:logmsg:41 : New version is available. You are 2 commits behind
06-Dec-2019 20:31:47 - INFO    :: MAIN : LazyLibrarian.py:main:249 : Apprise library (0.8.2) installed
06-Dec-2019 20:31:47 - INFO    :: MAIN : LazyLibrarian.py:main:267 : Starting LazyLibrarian on port: 5299, webroot ""
06-Dec-2019 20:31:47 - INFO    :: MAIN : webStart.py:initialize:66 : Starting LazyLibrarian web server on http://0.0.0.0:5299/
06-Dec-2019 20:32:47 - INFO    :: POSTPROCESS : postprocess.py:processDir:1031 : 0 downloads processed.
06-Dec-2019 20:32:47 - INFO    :: POSTPROCESS : postprocess.py:processDir:1036 : Found 0 unprocessed
06-Dec-2019 20:32:47 - INFO    :: POSTPROCESS : postprocess.py:processDir:1139 : Nothing marked as snatched or seeding. Stopping postprocessor.
06-Dec-2019 20:38:22 - INFO    :: MAIN : __init__.py:logmsg:1909 : LazyLibrarian is updating...
06-Dec-2019 20:38:22 - INFO    :: MAIN : versioncheck.py:logmsg:41 : Downloading update from: https://gitlab+deploy-token-26212:Hbo3d8rfZmSx4hL1Fdms@gitlab.com/LazyLibrarian/lazylibrarian/-/archive/master/lazylibrarian-master.tar.gz
06-Dec-2019 20:38:32 - INFO    :: MAIN : versioncheck.py:logmsg:41 : Extracting file /app/lazylibrarian/lazylibrarian-master.tar.gz
06-Dec-2019 20:38:32 - INFO    :: MAIN : versioncheck.py:logmsg:41 : Deleting file /app/lazylibrarian/lazylibrarian-master.tar.gz
06-Dec-2019 20:38:32 - WARNING :: MAIN : __init__.py:logmsg:1907 : LazyLibrarian failed to update: FileNotFoundError [Errno 2] No such file or directory: '/app/lazylibrarian/update/LazyLibrarian-master-a3a53910afa889e7f2c32b8636e059a7ef59c3ff/example_preprocessor.py' -> '/app/lazylibrarian/update/LazyLibrarian-master-a3a53910afa889e7f2c32b8636e059a7ef59c3ff/example_preprocessor.py'. Restarting.
06-Dec-2019 20:38:33 - ERROR   :: MAIN : __init__.py:logmsg:1903 : Traceback (most recent call last):
  File "/app/lazylibrarian/lazylibrarian/__init__.py", line 1930, in shutdown
    if versioncheck.update():
  File "/app/lazylibrarian/lazylibrarian/versioncheck.py", line 570, in update
    os.renames(old_path, new_path)
  File "/usr/lib/python3.6/os.py", line 267, in renames
    rename(old, new)
FileNotFoundError: [Errno 2] No such file or directory: '/app/lazylibrarian/update/LazyLibrarian-master-a3a53910afa889e7f2c32b8636e059a7ef59c3ff/example_preprocessor.py' -> '/app/lazylibrarian/update/LazyLibrarian-master-a3a53910afa889e7f2c32b8636e059a7ef59c3ff/example_preprocessor.py'

06-Dec-2019 20:38:33 - INFO    :: MAIN : __init__.py:logmsg:1909 : LazyLibrarian is restarting ...
06-Dec-2019 20:38:37 - INFO    :: MAIN : __init__.py:initialize:761 : Log (Rotating) Level set to [1]- Log Directory is [/config/log] - Config level is [1]
06-Dec-2019 20:38:37 - INFO    :: MAIN : __init__.py:initialize:767 : Screen Log set to INFO
06-Dec-2019 20:38:37 - INFO    :: MAIN : __init__.py:config_read:1135 : Config file loaded
06-Dec-2019 20:38:37 - INFO    :: MAIN : __init__.py:initialize:834 : Database is version 56, integrity check: ok
06-Dec-2019 20:38:37 - INFO    :: MAIN : dbupgrade.py:check_db:516 : Database check found 0 errors
06-Dec-2019 20:38:37 - INFO    :: MAIN : common.py:logHeader:1221 : Checking TLS version, you can ignore any "InsecureRequestWarning" message
06-Dec-2019 20:38:38 - INFO    :: MAIN : __init__.py:build_genres:1679 : Loaded genres from /app/lazylibrarian/example.genres.json
06-Dec-2019 20:38:38 - INFO    :: MAIN : __init__.py:build_bookstrap_themes:1664 : Bookstrap found 16 themes
06-Dec-2019 20:38:39 - INFO    :: MAIN : versioncheck.py:logmsg:41 : New version is available. You are 2 commits behind
06-Dec-2019 20:38:40 - INFO    :: MAIN : LazyLibrarian.py:main:249 : Apprise library (0.8.2) installed
06-Dec-2019 20:38:40 - INFO    :: MAIN : LazyLibrarian.py:main:267 : Starting LazyLibrarian on port: 5299, webroot ""
06-Dec-2019 20:38:40 - INFO    :: MAIN : webStart.py:initialize:66 : Starting LazyLibrarian web server on http://0.0.0.0:5299/
06-Dec-2019 20:48:40 - INFO    :: POSTPROCESS : postprocess.py:processDir:1031 : 0 downloads processed.
06-Dec-2019 20:48:40 - INFO    :: POSTPROCESS : postprocess.py:processDir:1036 : Found 0 unprocessed
06-Dec-2019 20:48:40 - INFO    :: POSTPROCESS : postprocess.py:processDir:1139 : Nothing marked as snatched or seeding. Stopping postprocessor.
07-Dec-2019 20:38:41 - INFO    :: CRON-VERSIONCHECK : versioncheck.py:logmsg:41 : New version is available. You are 2 commits behind
08-Dec-2019 20:38:41 - INFO    :: CRON-VERSIONCHECK : versioncheck.py:logmsg:41 : New version is available. You are 2 commits behind
09-Dec-2019 20:38:41 - INFO    :: CRON-VERSIONCHECK : versioncheck.py:logmsg:41 : New version is available. You are 2 commits behind
10-Dec-2019 20:38:41 - INFO    :: CRON-VERSIONCHECK : versioncheck.py:logmsg:41 : New version is available. You are 2 commits behind
11-Dec-2019 20:38:41 - INFO    :: CRON-VERSIONCHECK : versioncheck.py:logmsg:41 : New version is available. You are 2 commits behind
12-Dec-2019 20:38:41 - INFO    :: CRON-VERSIONCHECK : versioncheck.py:logmsg:41 : New version is available. You are 2 commits behind
13-Dec-2019 20:38:41 - INFO    :: CRON-VERSIONCHECK : versioncheck.py:logmsg:41 : New version is available. You are 2 commits behind
14-Dec-2019 20:38:41 - INFO    :: CRON-VERSIONCHECK : versioncheck.py:logmsg:41 : New version is available. You are 2 commits behind
14-Dec-2019 21:34:02 - INFO    :: MAIN : __init__.py:initialize:761 : Log (Rotating) Level set to [1]- Log Directory is [/config/log] - Config level is [1]
14-Dec-2019 21:34:02 - INFO    :: MAIN : __init__.py:initialize:767 : Screen Log set to INFO
14-Dec-2019 21:34:02 - INFO    :: MAIN : __init__.py:config_read:1135 : Config file loaded
14-Dec-2019 21:34:02 - INFO    :: MAIN : __init__.py:initialize:834 : Database is version 56, integrity check: ok
14-Dec-2019 21:34:02 - INFO    :: MAIN : dbupgrade.py:check_db:516 : Database check found 0 errors
14-Dec-2019 21:34:02 - INFO    :: MAIN : common.py:logHeader:1221 : Checking TLS version, you can ignore any "InsecureRequestWarning" message
14-Dec-2019 21:34:03 - INFO    :: MAIN : __init__.py:build_genres:1679 : Loaded genres from /app/lazylibrarian/example.genres.json
14-Dec-2019 21:34:03 - INFO    :: MAIN : __init__.py:build_bookstrap_themes:1664 : Bookstrap found 16 themes
14-Dec-2019 21:34:04 - INFO    :: MAIN : versioncheck.py:logmsg:41 : New version is available. You are 2 commits behind
14-Dec-2019 21:34:04 - INFO    :: MAIN : LazyLibrarian.py:main:249 : Apprise library (0.8.2) installed
14-Dec-2019 21:34:04 - INFO    :: MAIN : LazyLibrarian.py:main:267 : Starting LazyLibrarian on port: 5299, webroot ""
14-Dec-2019 21:34:04 - INFO    :: MAIN : webStart.py:initialize:66 : Starting LazyLibrarian web server on http://0.0.0.0:5299/
14-Dec-2019 21:35:05 - INFO    :: POSTPROCESS : postprocess.py:processDir:1031 : 0 downloads processed.
14-Dec-2019 21:35:05 - INFO    :: POSTPROCESS : postprocess.py:processDir:1036 : Found 0 unprocessed
14-Dec-2019 21:35:05 - INFO    :: POSTPROCESS : postprocess.py:processDir:1139 : Nothing marked as snatched or seeding. Stopping postprocessor.
14-Dec-2019 21:48:10 - INFO    :: MAIN : __init__.py:initialize:761 : Log (Rotating) Level set to [1]- Log Directory is [/config/log] - Config level is [1]
14-Dec-2019 21:48:10 - INFO    :: MAIN : __init__.py:initialize:767 : Screen Log set to INFO
14-Dec-2019 21:48:10 - INFO    :: MAIN : __init__.py:config_read:1135 : Config file loaded
14-Dec-2019 21:48:10 - INFO    :: MAIN : __init__.py:initialize:834 : Database is version 56, integrity check: ok
14-Dec-2019 21:48:10 - INFO    :: MAIN : dbupgrade.py:check_db:516 : Database check found 0 errors
14-Dec-2019 21:48:10 - INFO    :: MAIN : common.py:logHeader:1221 : Checking TLS version, you can ignore any "InsecureRequestWarning" message
14-Dec-2019 21:48:11 - INFO    :: MAIN : __init__.py:build_genres:1679 : Loaded genres from /app/lazylibrarian/example.genres.json
14-Dec-2019 21:48:11 - INFO    :: MAIN : __init__.py:build_bookstrap_themes:1664 : Bookstrap found 16 themes
14-Dec-2019 21:48:12 - INFO    :: MAIN : versioncheck.py:logmsg:41 : New version is available. You are 2 commits behind
14-Dec-2019 21:48:12 - INFO    :: MAIN : LazyLibrarian.py:main:249 : Apprise library (0.8.2) installed
14-Dec-2019 21:48:12 - INFO    :: MAIN : LazyLibrarian.py:main:267 : Starting LazyLibrarian on port: 5299, webroot ""
14-Dec-2019 21:48:12 - INFO    :: MAIN : webStart.py:initialize:66 : Starting LazyLibrarian web server on http://0.0.0.0:5299/
14-Dec-2019 21:49:13 - INFO    :: POSTPROCESS : postprocess.py:processDir:1031 : 0 downloads processed.
14-Dec-2019 21:49:13 - INFO    :: POSTPROCESS : postprocess.py:processDir:1036 : Found 0 unprocessed
14-Dec-2019 21:49:13 - INFO    :: POSTPROCESS : postprocess.py:processDir:1139 : Nothing marked as snatched or seeding. Stopping postprocessor.
14-Dec-2019 22:58:05 - INFO    :: MAIN : __init__.py:initialize:761 : Log (Rotating) Level set to [1]- Log Directory is [/config/log] - Config level is [1]
14-Dec-2019 22:58:05 - INFO    :: MAIN : __init__.py:initialize:767 : Screen Log set to INFO
14-Dec-2019 22:58:05 - INFO    :: MAIN : __init__.py:config_read:1135 : Config file loaded
14-Dec-2019 22:58:05 - INFO    :: MAIN : __init__.py:initialize:834 : Database is version 56, integrity check: ok
14-Dec-2019 22:58:06 - INFO    :: MAIN : dbupgrade.py:check_db:516 : Database check found 0 errors
14-Dec-2019 22:58:06 - INFO    :: MAIN : common.py:logHeader:1221 : Checking TLS version, you can ignore any "InsecureRequestWarning" message
14-Dec-2019 22:58:06 - INFO    :: MAIN : __init__.py:build_genres:1679 : Loaded genres from /app/lazylibrarian/example.genres.json
14-Dec-2019 22:58:07 - INFO    :: MAIN : __init__.py:build_bookstrap_themes:1664 : Bookstrap found 16 themes
14-Dec-2019 22:58:08 - INFO    :: MAIN : versioncheck.py:logmsg:41 : Lazylibrarian is up to date
14-Dec-2019 22:58:08 - WARNING :: MAIN : LazyLibrarian.py:main:231 : Unrecognised version [a3a53910] to force upgrade delete /config/cache/version.txt
14-Dec-2019 22:58:08 - INFO    :: MAIN : LazyLibrarian.py:main:249 : Apprise library (0.8.2) installed
14-Dec-2019 22:58:08 - INFO    :: MAIN : LazyLibrarian.py:main:267 : Starting LazyLibrarian on port: 5299, webroot ""
14-Dec-2019 22:58:08 - INFO    :: MAIN : webStart.py:initialize:66 : Starting LazyLibrarian web server on http://0.0.0.0:5299/
14-Dec-2019 22:59:09 - INFO    :: POSTPROCESS : postprocess.py:processDir:1030 : 0 downloads processed.
14-Dec-2019 22:59:09 - INFO    :: POSTPROCESS : postprocess.py:processDir:1035 : Found 0 unprocessed
14-Dec-2019 22:59:09 - INFO    :: POSTPROCESS : postprocess.py:processDir:1138 : Nothing marked as snatched or seeding. Stopping postprocessor.
15-Dec-2019 22:59:36 - INFO    :: MAIN : __init__.py:initialize:761 : Log (Rotating) Level set to [1]- Log Directory is [/config/log] - Config level is [1]
15-Dec-2019 22:59:36 - INFO    :: MAIN : __init__.py:initialize:767 : Screen Log set to INFO
15-Dec-2019 22:59:36 - INFO    :: MAIN : __init__.py:config_read:1135 : Config file loaded
15-Dec-2019 22:59:36 - INFO    :: MAIN : __init__.py:initialize:834 : Database is version 56, integrity check: ok
15-Dec-2019 22:59:36 - INFO    :: MAIN : dbupgrade.py:check_db:516 : Database check found 0 errors
15-Dec-2019 22:59:36 - INFO    :: MAIN : common.py:logHeader:1221 : Checking TLS version, you can ignore any "InsecureRequestWarning" message
15-Dec-2019 22:59:37 - INFO    :: MAIN : __init__.py:build_genres:1679 : Loaded genres from /app/lazylibrarian/example.genres.json
15-Dec-2019 22:59:37 - INFO    :: MAIN : __init__.py:build_bookstrap_themes:1664 : Bookstrap found 16 themes
15-Dec-2019 22:59:38 - INFO    :: MAIN : versioncheck.py:logmsg:41 : Lazylibrarian is up to date
15-Dec-2019 22:59:39 - WARNING :: MAIN : LazyLibrarian.py:main:231 : Unrecognised version [a3a53910] to force upgrade delete /config/cache/version.txt
15-Dec-2019 22:59:39 - INFO    :: MAIN : LazyLibrarian.py:main:249 : Apprise library (0.8.2) installed
15-Dec-2019 22:59:39 - INFO    :: MAIN : LazyLibrarian.py:main:267 : Starting LazyLibrarian on port: 5299, webroot ""
15-Dec-2019 22:59:39 - INFO    :: MAIN : webStart.py:initialize:66 : Starting LazyLibrarian web server on http://0.0.0.0:5299/
15-Dec-2019 23:00:39 - INFO    :: POSTPROCESS : postprocess.py:processDir:1030 : 0 downloads processed.
15-Dec-2019 23:00:39 - INFO    :: POSTPROCESS : postprocess.py:processDir:1035 : Found 0 unprocessed
15-Dec-2019 23:00:39 - INFO    :: POSTPROCESS : postprocess.py:processDir:1138 : Nothing marked as snatched or seeding. Stopping postprocessor.
16-Dec-2019 22:59:40 - INFO    :: CRON-VERSIONCHECK : versioncheck.py:logmsg:41 : Lazylibrarian is up to date
17-Dec-2019 22:59:40 - INFO    :: CRON-VERSIONCHECK : versioncheck.py:logmsg:41 : New version is available. You are 2 commits behind
18-Dec-2019 22:59:40 - INFO    :: CRON-VERSIONCHECK : versioncheck.py:logmsg:41 : New version is available. You are 2 commits behind
19-Dec-2019 22:59:40 - INFO    :: CRON-VERSIONCHECK : versioncheck.py:logmsg:41 : New version is available. You are 2 commits behind
20-Dec-2019 22:59:40 - INFO    :: CRON-VERSIONCHECK : versioncheck.py:logmsg:41 : New version is available. You are 7 commits behind
21-Dec-2019 22:59:41 - INFO    :: CRON-VERSIONCHECK : versioncheck.py:logmsg:41 : New version is available. You are 7 commits behind
22-Dec-2019 22:59:40 - INFO    :: CRON-VERSIONCHECK : versioncheck.py:logmsg:41 : New version is available. You are 8 commits behind
23-Dec-2019 22:59:40 - INFO    :: CRON-VERSIONCHECK : versioncheck.py:logmsg:41 : New version is available. You are 8 commits behind
24-Dec-2019 22:59:40 - INFO    :: CRON-VERSIONCHECK : versioncheck.py:logmsg:41 : New version is available. You are 8 commits behind
25-Dec-2019 22:59:40 - INFO    :: CRON-VERSIONCHECK : versioncheck.py:logmsg:41 : New version is available. You are 8 commits behind
26-Dec-2019 22:59:40 - INFO    :: CRON-VERSIONCHECK : versioncheck.py:logmsg:41 : New version is available. You are 8 commits behind
27-Dec-2019 22:59:40 - INFO    :: CRON-VERSIONCHECK : versioncheck.py:logmsg:41 : New version is available. You are 19 commits behind
28-Dec-2019 22:59:40 - INFO    :: CRON-VERSIONCHECK : versioncheck.py:logmsg:41 : New version is available. You are 36 commits behind
29-Dec-2019 22:59:41 - INFO    :: CRON-VERSIONCHECK : versioncheck.py:logmsg:41 : New version is available. You are 38 commits behind
30-Dec-2019 22:59:40 - INFO    :: CRON-VERSIONCHECK : versioncheck.py:logmsg:41 : New version is available. You are 39 commits behind
31-Dec-2019 22:59:41 - INFO    :: CRON-VERSIONCHECK : versioncheck.py:logmsg:41 : New version is available. You are 42 commits behind
01-Jan-2020 19:06:25 - INFO    :: MAIN : __init__.py:logmsg:1909 : LazyLibrarian is updating...
01-Jan-2020 19:06:25 - INFO    :: MAIN : versioncheck.py:logmsg:41 : Downloading update from: https://gitlab+deploy-token-26212:Hbo3d8rfZmSx4hL1Fdms@gitlab.com/LazyLibrarian/lazylibrarian/-/archive/master/lazylibrarian-master.tar.gz
01-Jan-2020 19:07:15 - INFO    :: MAIN : versioncheck.py:logmsg:41 : Extracting file /app/lazylibrarian/lazylibrarian-master.tar.gz
01-Jan-2020 19:07:15 - INFO    :: MAIN : versioncheck.py:logmsg:41 : Deleting file /app/lazylibrarian/lazylibrarian-master.tar.gz
01-Jan-2020 19:07:15 - WARNING :: MAIN : __init__.py:logmsg:1907 : LazyLibrarian failed to update: FileNotFoundError [Errno 2] No such file or directory: '/app/lazylibrarian/update/LazyLibrarian-master-b8fd617f50fd12c87ad6d58b3e25b7c83e0f352d/example_preprocessor.py' -> '/app/lazylibrarian/update/LazyLibrarian-master-b8fd617f50fd12c87ad6d58b3e25b7c83e0f352d/example_preprocessor.py'. Restarting.
01-Jan-2020 19:07:15 - ERROR   :: MAIN : __init__.py:logmsg:1903 : Traceback (most recent call last):
  File "/app/lazylibrarian/lazylibrarian/__init__.py", line 1930, in shutdown
    if versioncheck.update():
  File "/app/lazylibrarian/lazylibrarian/versioncheck.py", line 570, in update
    os.renames(old_path, new_path)
  File "/usr/lib/python3.6/os.py", line 267, in renames
    rename(old, new)
FileNotFoundError: [Errno 2] No such file or directory: '/app/lazylibrarian/update/LazyLibrarian-master-b8fd617f50fd12c87ad6d58b3e25b7c83e0f352d/example_preprocessor.py' -> '/app/lazylibrarian/update/LazyLibrarian-master-b8fd617f50fd12c87ad6d58b3e25b7c83e0f352d/example_preprocessor.py'

01-Jan-2020 19:07:15 - INFO    :: MAIN : __init__.py:logmsg:1909 : LazyLibrarian is restarting ...
01-Jan-2020 19:07:25 - INFO    :: MAIN : __init__.py:initialize:761 : Log (Rotating) Level set to [1]- Log Directory is [/config/log] - Config level is [1]
01-Jan-2020 19:07:25 - INFO    :: MAIN : __init__.py:initialize:767 : Screen Log set to INFO
01-Jan-2020 19:07:25 - INFO    :: MAIN : __init__.py:config_read:1135 : Config file loaded
01-Jan-2020 19:07:25 - INFO    :: MAIN : __init__.py:initialize:834 : Database is version 56, integrity check: ok
01-Jan-2020 19:07:25 - INFO    :: MAIN : dbupgrade.py:check_db:516 : Database check found 0 errors
01-Jan-2020 19:07:25 - INFO    :: MAIN : common.py:logHeader:1221 : Checking TLS version, you can ignore any "InsecureRequestWarning" message
01-Jan-2020 19:07:26 - INFO    :: MAIN : __init__.py:build_genres:1679 : Loaded genres from /app/lazylibrarian/example.genres.json
01-Jan-2020 19:07:26 - INFO    :: MAIN : __init__.py:build_bookstrap_themes:1664 : Bookstrap found 16 themes
01-Jan-2020 19:07:28 - INFO    :: MAIN : versioncheck.py:logmsg:41 : New version is available. You are 43 commits behind
01-Jan-2020 19:07:29 - INFO    :: MAIN : LazyLibrarian.py:main:249 : Apprise library (0.8.2) installed
01-Jan-2020 19:07:29 - INFO    :: MAIN : LazyLibrarian.py:main:267 : Starting LazyLibrarian on port: 5299, webroot ""
01-Jan-2020 19:07:29 - INFO    :: MAIN : webStart.py:initialize:66 : Starting LazyLibrarian web server on http://0.0.0.0:5299/
01-Jan-2020 19:08:29 - INFO    :: POSTPROCESS : postprocess.py:processDir:1030 : 0 downloads processed.
01-Jan-2020 19:08:29 - INFO    :: POSTPROCESS : postprocess.py:processDir:1035 : Found 0 unprocessed
01-Jan-2020 19:08:29 - INFO    :: POSTPROCESS : postprocess.py:processDir:1138 : Nothing marked as snatched or seeding. Stopping postprocessor.
02-Jan-2020 19:07:31 - INFO    :: CRON-VERSIONCHECK : versioncheck.py:logmsg:41 : New version is available. You are 44 commits behind
03-Jan-2020 19:07:30 - INFO    :: CRON-VERSIONCHECK : versioncheck.py:logmsg:41 : New version is available. You are 44 commits behind
04-Jan-2020 19:07:30 - INFO    :: CRON-VERSIONCHECK : versioncheck.py:logmsg:41 : New version is available. You are 47 commits behind
05-Jan-2020 19:07:30 - INFO    :: CRON-VERSIONCHECK : versioncheck.py:logmsg:41 : New version is available. You are 50 commits behind
06-Jan-2020 19:07:30 - INFO    :: CRON-VERSIONCHECK : versioncheck.py:logmsg:41 : New version is available. You are 50 commits behind
07-Jan-2020 19:07:30 - INFO    :: CRON-VERSIONCHECK : versioncheck.py:logmsg:41 : New version is available. You are 50 commits behind
08-Jan-2020 19:07:30 - INFO    :: CRON-VERSIONCHECK : versioncheck.py:logmsg:41 : New version is available. You are 52 commits behind
09-Jan-2020 19:07:30 - INFO    :: CRON-VERSIONCHECK : versioncheck.py:logmsg:41 : New version is available. You are 61 commits behind
10-Jan-2020 19:07:30 - INFO    :: CRON-VERSIONCHECK : versioncheck.py:logmsg:41 : New version is available. You are 65 commits behind
11-Jan-2020 19:07:30 - INFO    :: CRON-VERSIONCHECK : versioncheck.py:logmsg:41 : New version is available. You are 66 commits behind
12-Jan-2020 19:07:30 - INFO    :: CRON-VERSIONCHECK : versioncheck.py:logmsg:41 : New version is available. You are 68 commits behind
13-Jan-2020 19:07:30 - INFO    :: CRON-VERSIONCHECK : versioncheck.py:logmsg:41 : New version is available. You are 71 commits behind
14-Jan-2020 19:07:30 - INFO    :: CRON-VERSIONCHECK : versioncheck.py:logmsg:41 : New version is available. You are 71 commits behind
15-Jan-2020 19:07:31 - INFO    :: CRON-VERSIONCHECK : versioncheck.py:logmsg:41 : New version is available. You are 72 commits behind
16-Jan-2020 11:48:12 - INFO    :: MAIN : __init__.py:initialize:761 : Log (Rotating) Level set to [1]- Log Directory is [/config/log] - Config level is [1]
16-Jan-2020 11:48:12 - INFO    :: MAIN : __init__.py:initialize:767 : Screen Log set to INFO
16-Jan-2020 11:48:12 - INFO    :: MAIN : __init__.py:config_read:1135 : Config file loaded
16-Jan-2020 11:48:12 - INFO    :: MAIN : __init__.py:initialize:834 : Database is version 56, integrity check: ok
16-Jan-2020 11:48:12 - INFO    :: MAIN : dbupgrade.py:check_db:516 : Database check found 0 errors
16-Jan-2020 11:48:12 - INFO    :: MAIN : common.py:logHeader:1221 : Checking TLS version, you can ignore any "InsecureRequestWarning" message
16-Jan-2020 11:48:13 - INFO    :: MAIN : __init__.py:build_genres:1679 : Loaded genres from /app/lazylibrarian/example.genres.json
16-Jan-2020 11:48:13 - INFO    :: MAIN : __init__.py:build_bookstrap_themes:1664 : Bookstrap found 16 themes
16-Jan-2020 11:48:15 - INFO    :: MAIN : versioncheck.py:logmsg:41 : New version is available. You are 73 commits behind
16-Jan-2020 11:48:15 - INFO    :: MAIN : LazyLibrarian.py:main:249 : Apprise library (0.8.2) installed
16-Jan-2020 11:48:15 - INFO    :: MAIN : LazyLibrarian.py:main:267 : Starting LazyLibrarian on port: 5299, webroot ""
16-Jan-2020 11:48:15 - INFO    :: MAIN : webStart.py:initialize:66 : Starting LazyLibrarian web server on http://0.0.0.0:5299/
16-Jan-2020 11:49:16 - INFO    :: POSTPROCESS : postprocess.py:processDir:1030 : 0 downloads processed.
16-Jan-2020 11:49:16 - INFO    :: POSTPROCESS : postprocess.py:processDir:1035 : Found 0 unprocessed
16-Jan-2020 11:49:16 - INFO    :: POSTPROCESS : postprocess.py:processDir:1138 : Nothing marked as snatched or seeding. Stopping postprocessor.
17-Jan-2020 11:48:18 - INFO    :: CRON-VERSIONCHECK : versioncheck.py:logmsg:41 : New version is available. You are 77 commits behind
18-Jan-2020 11:48:17 - INFO    :: CRON-VERSIONCHECK : versioncheck.py:logmsg:41 : New version is available. You are 78 commits behind
19-Jan-2020 11:48:17 - INFO    :: CRON-VERSIONCHECK : versioncheck.py:logmsg:41 : New version is available. You are 86 commits behind
20-Jan-2020 07:39:44 - INFO    :: MAIN : __init__.py:initialize:761 : Log (Rotating) Level set to [1]- Log Directory is [/config/log] - Config level is [1]
20-Jan-2020 07:39:44 - INFO    :: MAIN : __init__.py:initialize:767 : Screen Log set to INFO
20-Jan-2020 07:39:44 - INFO    :: MAIN : __init__.py:config_read:1135 : Config file loaded
20-Jan-2020 07:39:44 - INFO    :: MAIN : __init__.py:initialize:834 : Database is version 56, integrity check: ok
20-Jan-2020 07:39:44 - INFO    :: MAIN : dbupgrade.py:check_db:516 : Database check found 0 errors
20-Jan-2020 07:39:44 - INFO    :: MAIN : common.py:logHeader:1221 : Checking TLS version, you can ignore any "InsecureRequestWarning" message
20-Jan-2020 07:39:44 - INFO    :: MAIN : __init__.py:build_genres:1679 : Loaded genres from /app/lazylibrarian/example.genres.json
20-Jan-2020 07:39:45 - INFO    :: MAIN : __init__.py:build_bookstrap_themes:1664 : Bookstrap found 16 themes
20-Jan-2020 07:39:52 - INFO    :: MAIN : versioncheck.py:logmsg:41 : New version is available. You are 93 commits behind
20-Jan-2020 07:39:52 - INFO    :: MAIN : LazyLibrarian.py:main:249 : Apprise library (0.8.2) installed
20-Jan-2020 07:39:52 - INFO    :: MAIN : LazyLibrarian.py:main:267 : Starting LazyLibrarian on port: 5299, webroot ""
20-Jan-2020 07:39:52 - INFO    :: MAIN : webStart.py:initialize:66 : Starting LazyLibrarian web server on http://0.0.0.0:5299/
20-Jan-2020 07:40:52 - INFO    :: POSTPROCESS : postprocess.py:processDir:1030 : 0 downloads processed.
20-Jan-2020 07:40:52 - INFO    :: POSTPROCESS : postprocess.py:processDir:1035 : Found 0 unprocessed
20-Jan-2020 07:40:52 - INFO    :: POSTPROCESS : postprocess.py:processDir:1138 : Nothing marked as snatched or seeding. Stopping postprocessor.
21-Jan-2020 07:39:54 - INFO    :: CRON-VERSIONCHECK : versioncheck.py:logmsg:41 : New version is available. You are 98 commits behind
22-Jan-2020 07:39:54 - INFO    :: CRON-VERSIONCHECK : versioncheck.py:logmsg:41 : New version is available. You are 98 commits behind
23-Jan-2020 07:39:54 - INFO    :: CRON-VERSIONCHECK : versioncheck.py:logmsg:41 : New version is available. You are 113 commits behind
24-Jan-2020 07:40:07 - WARNING :: CRON-VERSIONCHECK : versioncheck.py:logmsg:45 : Could not get difference status from git: ConnectionError
24-Jan-2020 07:40:07 - INFO    :: CRON-VERSIONCHECK : versioncheck.py:logmsg:41 : Unknown version of lazylibrarian. Run the updater to identify your version
25-Jan-2020 07:39:54 - INFO    :: CRON-VERSIONCHECK : versioncheck.py:logmsg:41 : New version is available. You are 113 commits behind
26-Jan-2020 07:39:54 - INFO    :: CRON-VERSIONCHECK : versioncheck.py:logmsg:41 : New version is available. You are 122 commits behind
27-Jan-2020 07:39:54 - INFO    :: CRON-VERSIONCHECK : versioncheck.py:logmsg:41 : New version is available. You are 127 commits behind
27-Jan-2020 15:30:40 - INFO    :: MAIN : __init__.py:initialize:761 : Log (Rotating) Level set to [1]- Log Directory is [/config/log] - Config level is [1]
27-Jan-2020 15:30:40 - INFO    :: MAIN : __init__.py:initialize:767 : Screen Log set to INFO
27-Jan-2020 15:30:40 - INFO    :: MAIN : __init__.py:config_read:1135 : Config file loaded
27-Jan-2020 15:30:40 - INFO    :: MAIN : __init__.py:initialize:834 : Database is version 56, integrity check: ok
27-Jan-2020 15:30:40 - INFO    :: MAIN : dbupgrade.py:check_db:516 : Database check found 0 errors
27-Jan-2020 15:30:40 - INFO    :: MAIN : common.py:logHeader:1221 : Checking TLS version, you can ignore any "InsecureRequestWarning" message
27-Jan-2020 15:30:41 - INFO    :: MAIN : __init__.py:build_genres:1679 : Loaded genres from /app/lazylibrarian/example.genres.json
27-Jan-2020 15:30:42 - INFO    :: MAIN : __init__.py:build_bookstrap_themes:1664 : Bookstrap found 16 themes
27-Jan-2020 15:30:43 - INFO    :: MAIN : versioncheck.py:logmsg:41 : New version is available. You are 127 commits behind
27-Jan-2020 15:30:44 - INFO    :: MAIN : LazyLibrarian.py:main:249 : Apprise library (0.8.2) installed
27-Jan-2020 15:30:44 - INFO    :: MAIN : LazyLibrarian.py:main:267 : Starting LazyLibrarian on port: 5299, webroot ""
27-Jan-2020 15:30:44 - INFO    :: MAIN : webStart.py:initialize:66 : Starting LazyLibrarian web server on http://0.0.0.0:5299/
27-Jan-2020 15:31:44 - INFO    :: POSTPROCESS : postprocess.py:processDir:1030 : 0 downloads processed.
27-Jan-2020 15:31:44 - INFO    :: POSTPROCESS : postprocess.py:processDir:1035 : Found 0 unprocessed
27-Jan-2020 15:31:44 - INFO    :: POSTPROCESS : postprocess.py:processDir:1138 : Nothing marked as snatched or seeding. Stopping postprocessor.
28-Jan-2020 15:30:46 - INFO    :: CRON-VERSIONCHECK : versioncheck.py:logmsg:41 : New version is available. You are 127 commits behind
29-Jan-2020 15:30:46 - INFO    :: CRON-VERSIONCHECK : versioncheck.py:logmsg:41 : New version is available. You are 127 commits behind
30-Jan-2020 15:30:45 - INFO    :: CRON-VERSIONCHECK : versioncheck.py:logmsg:41 : New version is available. You are 130 commits behind
31-Jan-2020 15:30:45 - INFO    :: CRON-VERSIONCHECK : versioncheck.py:logmsg:41 : New version is available. You are 134 commits behind
01-Feb-2020 15:30:46 - INFO    :: CRON-VERSIONCHECK : versioncheck.py:logmsg:41 : New version is available. You are 134 commits behind
02-Feb-2020 15:30:45 - INFO    :: CRON-VERSIONCHECK : versioncheck.py:logmsg:41 : New version is available. You are 134 commits behind
03-Feb-2020 15:30:45 - INFO    :: CRON-VERSIONCHECK : versioncheck.py:logmsg:41 : New version is available. You are 138 commits behind
04-Feb-2020 15:30:45 - INFO    :: CRON-VERSIONCHECK : versioncheck.py:logmsg:41 : New version is available. You are 141 commits behind
05-Feb-2020 15:30:46 - INFO    :: CRON-VERSIONCHECK : versioncheck.py:logmsg:41 : New version is available. You are 142 commits behind
06-Feb-2020 15:30:46 - INFO    :: CRON-VERSIONCHECK : versioncheck.py:logmsg:41 : New version is available. You are 144 commits behind
07-Feb-2020 15:30:47 - INFO    :: CRON-VERSIONCHECK : versioncheck.py:logmsg:41 : New version is available. You are 147 commits behind
08-Feb-2020 15:30:45 - INFO    :: CRON-VERSIONCHECK : versioncheck.py:logmsg:41 : New version is available. You are 147 commits behind
09-Feb-2020 15:30:45 - INFO    :: CRON-VERSIONCHECK : versioncheck.py:logmsg:41 : New version is available. You are 151 commits behind
10-Feb-2020 15:30:45 - INFO    :: CRON-VERSIONCHECK : versioncheck.py:logmsg:41 : New version is available. You are 157 commits behind
11-Feb-2020 15:30:45 - INFO    :: CRON-VERSIONCHECK : versioncheck.py:logmsg:41 : New version is available. You are 157 commits behind
